<?xml version="1.0" encoding="UTF-8"?>
<testng-results skipped="0" failed="0" ignored="0" total="1" passed="1">
  <reporter-output>
  </reporter-output>
  <suite name="Default suite" duration-ms="33366" started-at="2019-10-17T18:21:50Z" finished-at="2019-10-17T18:22:23Z">
    <groups>
    </groups>
    <test name="Default test" duration-ms="33366" started-at="2019-10-17T18:21:50Z" finished-at="2019-10-17T18:22:23Z">
      <class name="com.Alert.WindowHandles">
        <test-method status="PASS" signature="windowhandles()[pri:0, instance:com.Alert.WindowHandles@15d0c81b]" name="windowhandles" duration-ms="33206" started-at="2019-10-17T18:21:50Z" finished-at="2019-10-17T18:22:23Z">
          <reporter-output>
          </reporter-output>
        </test-method> <!-- windowhandles -->
      </class> <!-- com.Alert.WindowHandles -->
    </test> <!-- Default test -->
  </suite> <!-- Default suite -->
</testng-results>
